<?xml version="1.0" encoding="UTF-8"?>
<testng-results ignored="0" total="4" passed="4" failed="0" skipped="0">
  <reporter-output>
  </reporter-output>
  <suite started-at="2024-05-17T12:46:30 IST" name="Suite" finished-at="2024-05-17T12:46:30 IST" duration-ms="113">
    <groups>
    </groups>
    <test started-at="2024-05-17T12:46:30 IST" name="Test" finished-at="2024-05-17T12:46:30 IST" duration-ms="113">
      <class name="pac1.ContactTest">
        <test-method signature="createContactTest()[pri:0, instance:pac1.ContactTest@2aa5fe93]" started-at="2024-05-17T12:46:30 IST" name="createContactTest" finished-at="2024-05-17T12:46:30 IST" duration-ms="16" status="PASS">
          <reporter-output>
          </reporter-output>
        </test-method> <!-- createContactTest -->
        <test-method signature="modifycontactTest()[pri:0, instance:pac1.ContactTest@2aa5fe93]" started-at="2024-05-17T12:46:30 IST" name="modifycontactTest" finished-at="2024-05-17T12:46:30 IST" duration-ms="16" status="PASS">
          <reporter-output>
          </reporter-output>
        </test-method> <!-- modifycontactTest -->
      </class> <!-- pac1.ContactTest -->
      <class name="pac2.OrgTest">
        <test-method signature="createOrgTest()[pri:0, instance:pac2.OrgTest@6107227e]" started-at="2024-05-17T12:46:30 IST" name="createOrgTest" finished-at="2024-05-17T12:46:30 IST" duration-ms="0" status="PASS">
          <reporter-output>
          </reporter-output>
        </test-method> <!-- createOrgTest -->
        <test-method signature="modifyOrgTest()[pri:0, instance:pac2.OrgTest@6107227e]" started-at="2024-05-17T12:46:30 IST" name="modifyOrgTest" finished-at="2024-05-17T12:46:30 IST" duration-ms="0" status="PASS">
          <reporter-output>
          </reporter-output>
        </test-method> <!-- modifyOrgTest -->
      </class> <!-- pac2.OrgTest -->
    </test> <!-- Test -->
  </suite> <!-- Suite -->
</testng-results>
