<?xml version="1.0" encoding="UTF-8"?>
<!-- Generated by org.testng.reporters.JUnitXMLReporter -->
<testsuite ignored="0" hostname="LAPTOP-UD0GH7J4" failures="0" tests="4" name="Test" time="0.113" errors="0" timestamp="2024-05-17T12:46:30 IST">
  <testcase classname="pac1.ContactTest" name="createContactTest" time="0.016"/>
  <testcase classname="pac1.ContactTest" name="modifycontactTest" time="0.016"/>
  <testcase classname="pac2.OrgTest" name="createOrgTest" time="0.0"/>
  <testcase classname="pac2.OrgTest" name="modifyOrgTest" time="0.0"/>
</testsuite> <!-- Test -->
